<?xml version="1.0" encoding="UTF-8"?>
<!-- Generated by org.testng.reporters.JUnitReportReporter -->
<testsuite hostname="MBP.local" failures="1" tests="3" name="Listeners.SampleTestCases" time="13.705" errors="0" timestamp="2025-02-12T14:24:36 IST" skipped="1">
  <testcase classname="Listeners.SampleTestCases" name="dws" time="3.931">
    <system-out>
      <![CDATA[onTestStart for - dws
dws TestCase
onTestSuccess for - dws]]>
    </system-out>
  </testcase> <!-- dws -->
  <testcase classname="Listeners.SampleTestCases" name="csk" time="9.773">
    <failure message="expected [money] but found [mani]" type="java.lang.AssertionError">
      <![CDATA[java.lang.AssertionError: expected [money] but found [mani]
at org.testng.Assert.fail(Assert.java:111)
at org.testng.Assert.failNotEquals(Assert.java:1578)
at org.testng.Assert.assertEqualsImpl(Assert.java:150)
at org.testng.Assert.assertEquals(Assert.java:132)
at org.testng.Assert.assertEquals(Assert.java:656)
at org.testng.Assert.assertEquals(Assert.java:666)
at Listeners.SampleTestCases.csk(SampleTestCases.java:33)
at java.base/jdk.internal.reflect.DirectMethodHandleAccessor.invoke(DirectMethodHandleAccessor.java:103)
at java.base/java.lang.reflect.Method.invoke(Method.java:580)
at org.testng.internal.invokers.MethodInvocationHelper.invokeMethod(MethodInvocationHelper.java:141)
at org.testng.internal.invokers.TestInvoker.invokeMethod(TestInvoker.java:686)
at org.testng.internal.invokers.TestInvoker.invokeTestMethod(TestInvoker.java:230)
at org.testng.internal.invokers.MethodRunner.runInSequence(MethodRunner.java:63)
at org.testng.internal.invokers.TestInvoker$MethodInvocationAgent.invoke(TestInvoker.java:992)
at org.testng.internal.invokers.TestInvoker.invokeTestMethods(TestInvoker.java:203)
at org.testng.internal.invokers.TestMethodWorker.invokeTestMethods(TestMethodWorker.java:154)
at org.testng.internal.invokers.TestMethodWorker.run(TestMethodWorker.java:134)
at java.base/java.util.ArrayList.forEach(ArrayList.java:1597)
at org.testng.TestRunner.privateRun(TestRunner.java:739)
at org.testng.TestRunner.run(TestRunner.java:614)
at org.testng.SuiteRunner.runTest(SuiteRunner.java:421)
at org.testng.SuiteRunner.runSequentially(SuiteRunner.java:413)
at org.testng.SuiteRunner.privateRun(SuiteRunner.java:373)
at org.testng.SuiteRunner.run(SuiteRunner.java:312)
at org.testng.SuiteRunnerWorker.runSuite(SuiteRunnerWorker.java:52)
at org.testng.SuiteRunnerWorker.run(SuiteRunnerWorker.java:95)
at org.testng.TestNG.runSuitesSequentially(TestNG.java:1274)
at org.testng.TestNG.runSuitesLocally(TestNG.java:1208)
at org.testng.TestNG.runSuites(TestNG.java:1112)
at org.testng.TestNG.run(TestNG.java:1079)
at org.testng.remote.AbstractRemoteTestNG.run(AbstractRemoteTestNG.java:115)
at org.testng.remote.RemoteTestNG.initAndRun(RemoteTestNG.java:293)
at org.testng.remote.RemoteTestNG.main(RemoteTestNG.java:91)
]]>
    </failure>
    <system-out>
      <![CDATA[onTestStart for - csk
csk TestCase
onTestFailure for - csk]]>
    </system-out>
  </testcase> <!-- csk -->
  <testcase classname="Listeners.SampleTestCases" name="rcb" time="0.001">
    <skipped/>
    <system-out>
      <![CDATA[onTestSkipped for - rcb
onTestFinished]]>
    </system-out>
  </testcase> <!-- rcb -->
  <system-out>
    <![CDATA[onStart
onTestStart for - csk
csk TestCase
onTestFailure for - csk
onTestStart for - dws
dws TestCase
onTestSuccess for - dws
onTestStart for - rcb
onTestSkipped for - rcb
onTestFinished]]>
  </system-out>
</testsuite> <!-- Listeners.SampleTestCases -->
